[Wed Jun 26 22:42:37 EDT 2024] Random word: indefensible
[Wed Jun 26 22:42:38 EDT 2024] Definition for indefensible written to /Users/orionpal/Desktop/Projects/AutoFluff/indefensible.txt
[master 0db826c] Did some stuff using indefensible
 2 files changed, 7 insertions(+), 13 deletions(-)
 create mode 100644 indefensible.txt
To github.com:orionpal/AutoFluff.git
   82458d5..0db826c  master -> master
[Wed Jun 26 22:42:39 EDT 2024] Script execution completed
[Mon Jul  1 14:30:01 EDT 2024] Random word: despotical
[Mon Jul  1 14:30:01 EDT 2024] Word not found in dictionary. Line removed from words.txt.
[master c167db3] Did some stuff using despotical
 2 files changed, 8 insertions(+), 1 deletion(-)
To github.com:orionpal/AutoFluff.git
   0db826c..c167db3  master -> master
[Mon Jul  1 14:30:03 EDT 2024] Script execution completed
[Wed Jul  3 17:08:21 EDT 2024] Random word: acetophenetidin
[Wed Jul  3 17:08:21 EDT 2024] Word not found in dictionary. Line removed from words.txt.
[master a64223d] Did some stuff using acetophenetidin
 2 files changed, 7 insertions(+), 1 deletion(-)
ssh: connect to host github.com port 22: Undefined error: 0
fatal: Could not read from remote repository.

Please make sure you have the correct access rights
and the repository exists.
[Wed Jul  3 17:08:21 EDT 2024] Script execution completed
[Fri Jul  5 14:30:08 EDT 2024] Random word: aiunt
[Fri Jul  5 14:32:12 EDT 2024] Word not found in dictionary. Line removed from words.txt.
